<?xml version="1.0" encoding="UTF-8"?>
<!-- Generated by org.testng.reporters.JUnitReportReporter -->
<testsuite hostname="MADEM" failures="0" tests="3" name="com.automationtesting.testngsession.DataProviderConcept" time="0.019" errors="0" timestamp="2022-12-19T07:26:39 IST" skipped="0">
  <testcase classname="com.automationtesting.testngsession.DataProviderConcept" name="addemployee" time="0.010"/>
  <system-out/>
  <testcase classname="com.automationtesting.testngsession.DataProviderConcept" name="addemployee" time="0.002"/>
  <system-out/>
  <testcase classname="com.automationtesting.testngsession.DataProviderConcept" name="addemployee" time="0.007"/>
  <system-out/>
</testsuite> <!-- com.automationtesting.testngsession.DataProviderConcept -->
