<?xml version="1.0" encoding="UTF-8"?>
<!-- Generated by org.testng.reporters.JUnitReportReporter -->
<testsuite hostname="MADEM" failures="0" tests="2" name="com.automationtesting.testngsession.OrangHrmTest" time="11.009" errors="0" timestamp="2022-12-20T08:15:48 IST" skipped="1">
  <testcase classname="com.automationtesting.testngsession.OrangHrmTest" name="addEmployee_Page" time="11.009"/>
  <system-out/>
  <testcase classname="com.automationtesting.testngsession.OrangHrmTest" name="RegisterEmployee">
    <skipped/>
  </testcase> <!-- RegisterEmployee -->
  <system-out/>
</testsuite> <!-- com.automationtesting.testngsession.OrangHrmTest -->
