<?xml version="1.0" encoding="UTF-8"?>
<!-- Generated by org.testng.reporters.JUnitReportReporter -->
<testsuite hostname="MADEM" failures="0" tests="4" name="com.automationtesting.testngsession.OrangHrmTest" time="34.711" errors="0" timestamp="2022-12-19T07:36:26 IST" skipped="1">
  <testcase classname="com.automationtesting.testngsession.OrangHrmTest" name="RegisterEmployee" time="12.091"/>
  <system-out/>
  <testcase classname="com.automationtesting.testngsession.OrangHrmTest" name="RegisterEmployee" time="12.683"/>
  <system-out/>
  <testcase classname="com.automationtesting.testngsession.OrangHrmTest" name="RegisterEmployee" time="9.937"/>
  <system-out/>
  <testcase classname="com.automationtesting.testngsession.OrangHrmTest" name="addEmployee_Page">
    <skipped/>
  </testcase> <!-- addEmployee_Page -->
  <system-out/>
</testsuite> <!-- com.automationtesting.testngsession.OrangHrmTest -->
