<?xml version="1.0" encoding="UTF-8"?>
<!-- Generated by org.testng.reporters.JUnitReportReporter -->
<testsuite hostname="MADEM" failures="0" tests="1" name="com.testscripts.Login_TestScript" time="14.289" errors="0" timestamp="2022-12-22T08:15:11 IST" skipped="0">
  <testcase classname="com.testscripts.Login_TestScript" name="orangeHRMLogin" time="14.289"/>
  <system-out/>
</testsuite> <!-- com.testscripts.Login_TestScript -->
